2018-04-12 18:49:40,833 - Log4JLogChute initialized using file 'velocity.log'
2018-04-12 18:49:40,833 - Initializing Velocity, Calling init()...
2018-04-12 18:49:40,833 - Starting Apache Velocity v1.7 (compiled: 2010-11-19 12:14:37)
2018-04-12 18:49:40,833 - Default Properties File: org/apache/velocity/runtime/defaults/velocity.properties
2018-04-12 18:49:40,833 - Trying to use logger class org.apache.velocity.runtime.log.AvalonLogChute
2018-04-12 18:49:40,833 - Target log system for org.apache.velocity.runtime.log.AvalonLogChute is not available (java.lang.NoClassDefFoundError: org/apache/log/format/Formatter).  Falling back to next log system...
2018-04-12 18:49:40,833 - Trying to use logger class org.apache.velocity.runtime.log.Log4JLogChute
2018-04-12 18:49:40,833 - Using logger class org.apache.velocity.runtime.log.Log4JLogChute
2018-04-12 18:49:40,835 - ResourceLoader instantiated: org.apache.velocity.runtime.resource.loader.ClasspathResourceLoader
2018-04-12 18:49:40,842 - ResourceCache: initialized (class org.apache.velocity.runtime.resource.ResourceCacheImpl) with class java.util.Collections$SynchronizedMap cache map.
2018-04-12 18:49:40,843 - Loaded System Directive: org.apache.velocity.runtime.directive.Stop
2018-04-12 18:49:40,844 - Loaded System Directive: org.apache.velocity.runtime.directive.Define
2018-04-12 18:49:40,845 - Loaded System Directive: org.apache.velocity.runtime.directive.Break
2018-04-12 18:49:40,845 - Loaded System Directive: org.apache.velocity.runtime.directive.Evaluate
2018-04-12 18:49:40,846 - Loaded System Directive: org.apache.velocity.runtime.directive.Literal
2018-04-12 18:49:40,846 - Loaded System Directive: org.apache.velocity.runtime.directive.Macro
2018-04-12 18:49:40,847 - Loaded System Directive: org.apache.velocity.runtime.directive.Parse
2018-04-12 18:49:40,848 - Loaded System Directive: org.apache.velocity.runtime.directive.Include
2018-04-12 18:49:40,849 - Loaded System Directive: org.apache.velocity.runtime.directive.Foreach
2018-04-12 18:49:40,866 - Created '20' parsers.
2018-04-12 18:49:40,869 - Velocimacro : "velocimacro.library" is not set.  Trying default library: VM_global_library.vm
2018-04-12 18:49:40,870 - Could not load resource 'VM_global_library.vm' from ResourceLoader org.apache.velocity.runtime.resource.loader.ClasspathResourceLoader: ClasspathResourceLoader Error: cannot find resource VM_global_library.vm
2018-04-12 18:49:40,870 - Velocimacro : Default library not found.
2018-04-12 18:49:40,870 - Velocimacro : allowInline = true : VMs can be defined inline in templates
2018-04-12 18:49:40,870 - Velocimacro : allowInlineToOverride = false : VMs defined inline may NOT replace previous VM definitions
2018-04-12 18:49:40,870 - Velocimacro : allowInlineLocal = false : VMs defined inline will be global in scope if allowed.
2018-04-12 18:49:40,870 - Velocimacro : autoload off : VM system will not automatically reload global library macros
2018-04-12 18:49:40,877 - ResourceManager : found gr/rege/ionion/templates/domain_info_req.vm with loader org.apache.velocity.runtime.resource.loader.ClasspathResourceLoader
2018-04-12 18:51:13,092 - Log4JLogChute initialized using file 'velocity.log'
2018-04-12 18:51:13,092 - Initializing Velocity, Calling init()...
2018-04-12 18:51:13,092 - Starting Apache Velocity v1.7 (compiled: 2010-11-19 12:14:37)
2018-04-12 18:51:13,092 - Default Properties File: org/apache/velocity/runtime/defaults/velocity.properties
2018-04-12 18:51:13,092 - Trying to use logger class org.apache.velocity.runtime.log.AvalonLogChute
2018-04-12 18:51:13,092 - Target log system for org.apache.velocity.runtime.log.AvalonLogChute is not available (java.lang.NoClassDefFoundError: org/apache/log/format/Formatter).  Falling back to next log system...
2018-04-12 18:51:13,092 - Trying to use logger class org.apache.velocity.runtime.log.Log4JLogChute
2018-04-12 18:51:13,092 - Using logger class org.apache.velocity.runtime.log.Log4JLogChute
2018-04-12 18:51:13,094 - ResourceLoader instantiated: org.apache.velocity.runtime.resource.loader.ClasspathResourceLoader
2018-04-12 18:51:13,102 - ResourceCache: initialized (class org.apache.velocity.runtime.resource.ResourceCacheImpl) with class java.util.Collections$SynchronizedMap cache map.
2018-04-12 18:51:13,102 - Loaded System Directive: org.apache.velocity.runtime.directive.Stop
2018-04-12 18:51:13,103 - Loaded System Directive: org.apache.velocity.runtime.directive.Define
2018-04-12 18:51:13,103 - Loaded System Directive: org.apache.velocity.runtime.directive.Break
2018-04-12 18:51:13,104 - Loaded System Directive: org.apache.velocity.runtime.directive.Evaluate
2018-04-12 18:51:13,104 - Loaded System Directive: org.apache.velocity.runtime.directive.Literal
2018-04-12 18:51:13,105 - Loaded System Directive: org.apache.velocity.runtime.directive.Macro
2018-04-12 18:51:13,106 - Loaded System Directive: org.apache.velocity.runtime.directive.Parse
2018-04-12 18:51:13,107 - Loaded System Directive: org.apache.velocity.runtime.directive.Include
2018-04-12 18:51:13,108 - Loaded System Directive: org.apache.velocity.runtime.directive.Foreach
2018-04-12 18:51:13,125 - Created '20' parsers.
2018-04-12 18:51:13,133 - Velocimacro : "velocimacro.library" is not set.  Trying default library: VM_global_library.vm
2018-04-12 18:51:13,133 - Could not load resource 'VM_global_library.vm' from ResourceLoader org.apache.velocity.runtime.resource.loader.ClasspathResourceLoader: ClasspathResourceLoader Error: cannot find resource VM_global_library.vm
2018-04-12 18:51:13,133 - Velocimacro : Default library not found.
2018-04-12 18:51:13,133 - Velocimacro : allowInline = true : VMs can be defined inline in templates
2018-04-12 18:51:13,133 - Velocimacro : allowInlineToOverride = false : VMs defined inline may NOT replace previous VM definitions
2018-04-12 18:51:13,133 - Velocimacro : allowInlineLocal = false : VMs defined inline will be global in scope if allowed.
2018-04-12 18:51:13,133 - Velocimacro : autoload off : VM system will not automatically reload global library macros
2018-04-12 18:51:13,140 - ResourceManager : found gr/rege/ionion/templates/domain_info_req.vm with loader org.apache.velocity.runtime.resource.loader.ClasspathResourceLoader
2018-04-12 18:58:55,976 - Log4JLogChute initialized using file 'velocity.log'
2018-04-12 18:58:55,977 - Initializing Velocity, Calling init()...
2018-04-12 18:58:55,977 - Starting Apache Velocity v1.7 (compiled: 2010-11-19 12:14:37)
2018-04-12 18:58:55,977 - Default Properties File: org/apache/velocity/runtime/defaults/velocity.properties
2018-04-12 18:58:55,977 - Trying to use logger class org.apache.velocity.runtime.log.AvalonLogChute
2018-04-12 18:58:55,977 - Target log system for org.apache.velocity.runtime.log.AvalonLogChute is not available (java.lang.NoClassDefFoundError: org/apache/log/format/Formatter).  Falling back to next log system...
2018-04-12 18:58:55,977 - Trying to use logger class org.apache.velocity.runtime.log.Log4JLogChute
2018-04-12 18:58:55,977 - Using logger class org.apache.velocity.runtime.log.Log4JLogChute
2018-04-12 18:58:55,979 - ResourceLoader instantiated: org.apache.velocity.runtime.resource.loader.ClasspathResourceLoader
2018-04-12 18:58:55,985 - ResourceCache: initialized (class org.apache.velocity.runtime.resource.ResourceCacheImpl) with class java.util.Collections$SynchronizedMap cache map.
2018-04-12 18:58:55,986 - Loaded System Directive: org.apache.velocity.runtime.directive.Stop
2018-04-12 18:58:55,987 - Loaded System Directive: org.apache.velocity.runtime.directive.Define
2018-04-12 18:58:55,987 - Loaded System Directive: org.apache.velocity.runtime.directive.Break
2018-04-12 18:58:55,988 - Loaded System Directive: org.apache.velocity.runtime.directive.Evaluate
2018-04-12 18:58:55,988 - Loaded System Directive: org.apache.velocity.runtime.directive.Literal
2018-04-12 18:58:55,988 - Loaded System Directive: org.apache.velocity.runtime.directive.Macro
2018-04-12 18:58:55,989 - Loaded System Directive: org.apache.velocity.runtime.directive.Parse
2018-04-12 18:58:55,990 - Loaded System Directive: org.apache.velocity.runtime.directive.Include
2018-04-12 18:58:55,990 - Loaded System Directive: org.apache.velocity.runtime.directive.Foreach
2018-04-12 18:58:56,008 - Created '20' parsers.
2018-04-12 18:58:56,011 - Velocimacro : "velocimacro.library" is not set.  Trying default library: VM_global_library.vm
2018-04-12 18:58:56,011 - Could not load resource 'VM_global_library.vm' from ResourceLoader org.apache.velocity.runtime.resource.loader.ClasspathResourceLoader: ClasspathResourceLoader Error: cannot find resource VM_global_library.vm
2018-04-12 18:58:56,011 - Velocimacro : Default library not found.
2018-04-12 18:58:56,011 - Velocimacro : allowInline = true : VMs can be defined inline in templates
2018-04-12 18:58:56,011 - Velocimacro : allowInlineToOverride = false : VMs defined inline may NOT replace previous VM definitions
2018-04-12 18:58:56,011 - Velocimacro : allowInlineLocal = false : VMs defined inline will be global in scope if allowed.
2018-04-12 18:58:56,011 - Velocimacro : autoload off : VM system will not automatically reload global library macros
2018-04-12 18:58:56,018 - ResourceManager : found gr/rege/ionion/templates/domain_info_req.vm with loader org.apache.velocity.runtime.resource.loader.ClasspathResourceLoader
2018-04-12 19:00:18,992 - Log4JLogChute initialized using file 'velocity.log'
2018-04-12 19:00:18,992 - Initializing Velocity, Calling init()...
2018-04-12 19:00:18,992 - Starting Apache Velocity v1.7 (compiled: 2010-11-19 12:14:37)
2018-04-12 19:00:18,992 - Default Properties File: org/apache/velocity/runtime/defaults/velocity.properties
2018-04-12 19:00:18,992 - Trying to use logger class org.apache.velocity.runtime.log.AvalonLogChute
2018-04-12 19:00:18,992 - Target log system for org.apache.velocity.runtime.log.AvalonLogChute is not available (java.lang.NoClassDefFoundError: org/apache/log/format/Formatter).  Falling back to next log system...
2018-04-12 19:00:18,992 - Trying to use logger class org.apache.velocity.runtime.log.Log4JLogChute
2018-04-12 19:00:18,993 - Using logger class org.apache.velocity.runtime.log.Log4JLogChute
2018-04-12 19:00:18,994 - ResourceLoader instantiated: org.apache.velocity.runtime.resource.loader.ClasspathResourceLoader
2018-04-12 19:00:19,002 - ResourceCache: initialized (class org.apache.velocity.runtime.resource.ResourceCacheImpl) with class java.util.Collections$SynchronizedMap cache map.
2018-04-12 19:00:19,003 - Loaded System Directive: org.apache.velocity.runtime.directive.Stop
2018-04-12 19:00:19,004 - Loaded System Directive: org.apache.velocity.runtime.directive.Define
2018-04-12 19:00:19,004 - Loaded System Directive: org.apache.velocity.runtime.directive.Break
2018-04-12 19:00:19,005 - Loaded System Directive: org.apache.velocity.runtime.directive.Evaluate
2018-04-12 19:00:19,005 - Loaded System Directive: org.apache.velocity.runtime.directive.Literal
2018-04-12 19:00:19,006 - Loaded System Directive: org.apache.velocity.runtime.directive.Macro
2018-04-12 19:00:19,007 - Loaded System Directive: org.apache.velocity.runtime.directive.Parse
2018-04-12 19:00:19,007 - Loaded System Directive: org.apache.velocity.runtime.directive.Include
2018-04-12 19:00:19,008 - Loaded System Directive: org.apache.velocity.runtime.directive.Foreach
2018-04-12 19:00:19,025 - Created '20' parsers.
2018-04-12 19:00:19,031 - Velocimacro : "velocimacro.library" is not set.  Trying default library: VM_global_library.vm
2018-04-12 19:00:19,032 - Could not load resource 'VM_global_library.vm' from ResourceLoader org.apache.velocity.runtime.resource.loader.ClasspathResourceLoader: ClasspathResourceLoader Error: cannot find resource VM_global_library.vm
2018-04-12 19:00:19,032 - Velocimacro : Default library not found.
2018-04-12 19:00:19,032 - Velocimacro : allowInline = true : VMs can be defined inline in templates
2018-04-12 19:00:19,032 - Velocimacro : allowInlineToOverride = false : VMs defined inline may NOT replace previous VM definitions
2018-04-12 19:00:19,032 - Velocimacro : allowInlineLocal = false : VMs defined inline will be global in scope if allowed.
2018-04-12 19:00:19,032 - Velocimacro : autoload off : VM system will not automatically reload global library macros
2018-04-12 19:00:19,040 - ResourceManager : found gr/rege/ionion/templates/domain_info_req.vm with loader org.apache.velocity.runtime.resource.loader.ClasspathResourceLoader
2018-04-12 19:00:40,349 - Log4JLogChute initialized using file 'velocity.log'
2018-04-12 19:00:40,350 - Initializing Velocity, Calling init()...
2018-04-12 19:00:40,350 - Starting Apache Velocity v1.7 (compiled: 2010-11-19 12:14:37)
2018-04-12 19:00:40,350 - Default Properties File: org/apache/velocity/runtime/defaults/velocity.properties
2018-04-12 19:00:40,350 - Trying to use logger class org.apache.velocity.runtime.log.AvalonLogChute
2018-04-12 19:00:40,350 - Target log system for org.apache.velocity.runtime.log.AvalonLogChute is not available (java.lang.NoClassDefFoundError: org/apache/log/format/Formatter).  Falling back to next log system...
2018-04-12 19:00:40,350 - Trying to use logger class org.apache.velocity.runtime.log.Log4JLogChute
2018-04-12 19:00:40,350 - Using logger class org.apache.velocity.runtime.log.Log4JLogChute
2018-04-12 19:00:40,352 - ResourceLoader instantiated: org.apache.velocity.runtime.resource.loader.ClasspathResourceLoader
2018-04-12 19:00:40,358 - ResourceCache: initialized (class org.apache.velocity.runtime.resource.ResourceCacheImpl) with class java.util.Collections$SynchronizedMap cache map.
2018-04-12 19:00:40,359 - Loaded System Directive: org.apache.velocity.runtime.directive.Stop
2018-04-12 19:00:40,360 - Loaded System Directive: org.apache.velocity.runtime.directive.Define
2018-04-12 19:00:40,360 - Loaded System Directive: org.apache.velocity.runtime.directive.Break
2018-04-12 19:00:40,360 - Loaded System Directive: org.apache.velocity.runtime.directive.Evaluate
2018-04-12 19:00:40,361 - Loaded System Directive: org.apache.velocity.runtime.directive.Literal
2018-04-12 19:00:40,361 - Loaded System Directive: org.apache.velocity.runtime.directive.Macro
2018-04-12 19:00:40,362 - Loaded System Directive: org.apache.velocity.runtime.directive.Parse
2018-04-12 19:00:40,363 - Loaded System Directive: org.apache.velocity.runtime.directive.Include
2018-04-12 19:00:40,363 - Loaded System Directive: org.apache.velocity.runtime.directive.Foreach
2018-04-12 19:00:40,380 - Created '20' parsers.
2018-04-12 19:00:40,383 - Velocimacro : "velocimacro.library" is not set.  Trying default library: VM_global_library.vm
2018-04-12 19:00:40,383 - Could not load resource 'VM_global_library.vm' from ResourceLoader org.apache.velocity.runtime.resource.loader.ClasspathResourceLoader: ClasspathResourceLoader Error: cannot find resource VM_global_library.vm
2018-04-12 19:00:40,384 - Velocimacro : Default library not found.
2018-04-12 19:00:40,384 - Velocimacro : allowInline = true : VMs can be defined inline in templates
2018-04-12 19:00:40,384 - Velocimacro : allowInlineToOverride = false : VMs defined inline may NOT replace previous VM definitions
2018-04-12 19:00:40,384 - Velocimacro : allowInlineLocal = false : VMs defined inline will be global in scope if allowed.
2018-04-12 19:00:40,384 - Velocimacro : autoload off : VM system will not automatically reload global library macros
2018-04-12 19:00:40,390 - ResourceManager : found gr/rege/ionion/templates/domain_info_req.vm with loader org.apache.velocity.runtime.resource.loader.ClasspathResourceLoader
2018-04-12 19:00:58,350 - Log4JLogChute initialized using file 'velocity.log'
2018-04-12 19:00:58,351 - Initializing Velocity, Calling init()...
2018-04-12 19:00:58,351 - Starting Apache Velocity v1.7 (compiled: 2010-11-19 12:14:37)
2018-04-12 19:00:58,351 - Default Properties File: org/apache/velocity/runtime/defaults/velocity.properties
2018-04-12 19:00:58,351 - Trying to use logger class org.apache.velocity.runtime.log.AvalonLogChute
2018-04-12 19:00:58,351 - Target log system for org.apache.velocity.runtime.log.AvalonLogChute is not available (java.lang.NoClassDefFoundError: org/apache/log/format/Formatter).  Falling back to next log system...
2018-04-12 19:00:58,351 - Trying to use logger class org.apache.velocity.runtime.log.Log4JLogChute
2018-04-12 19:00:58,351 - Using logger class org.apache.velocity.runtime.log.Log4JLogChute
2018-04-12 19:00:58,352 - ResourceLoader instantiated: org.apache.velocity.runtime.resource.loader.ClasspathResourceLoader
2018-04-12 19:00:58,359 - ResourceCache: initialized (class org.apache.velocity.runtime.resource.ResourceCacheImpl) with class java.util.Collections$SynchronizedMap cache map.
2018-04-12 19:00:58,360 - Loaded System Directive: org.apache.velocity.runtime.directive.Stop
2018-04-12 19:00:58,361 - Loaded System Directive: org.apache.velocity.runtime.directive.Define
2018-04-12 19:00:58,361 - Loaded System Directive: org.apache.velocity.runtime.directive.Break
2018-04-12 19:00:58,362 - Loaded System Directive: org.apache.velocity.runtime.directive.Evaluate
2018-04-12 19:00:58,362 - Loaded System Directive: org.apache.velocity.runtime.directive.Literal
2018-04-12 19:00:58,363 - Loaded System Directive: org.apache.velocity.runtime.directive.Macro
2018-04-12 19:00:58,364 - Loaded System Directive: org.apache.velocity.runtime.directive.Parse
2018-04-12 19:00:58,365 - Loaded System Directive: org.apache.velocity.runtime.directive.Include
2018-04-12 19:00:58,366 - Loaded System Directive: org.apache.velocity.runtime.directive.Foreach
2018-04-12 19:00:58,383 - Created '20' parsers.
2018-04-12 19:00:58,386 - Velocimacro : "velocimacro.library" is not set.  Trying default library: VM_global_library.vm
2018-04-12 19:00:58,386 - Could not load resource 'VM_global_library.vm' from ResourceLoader org.apache.velocity.runtime.resource.loader.ClasspathResourceLoader: ClasspathResourceLoader Error: cannot find resource VM_global_library.vm
2018-04-12 19:00:58,386 - Velocimacro : Default library not found.
2018-04-12 19:00:58,386 - Velocimacro : allowInline = true : VMs can be defined inline in templates
2018-04-12 19:00:58,386 - Velocimacro : allowInlineToOverride = false : VMs defined inline may NOT replace previous VM definitions
2018-04-12 19:00:58,386 - Velocimacro : allowInlineLocal = false : VMs defined inline will be global in scope if allowed.
2018-04-12 19:00:58,386 - Velocimacro : autoload off : VM system will not automatically reload global library macros
2018-04-12 19:00:58,391 - ResourceManager : found gr/rege/ionion/templates/domain_info_req.vm with loader org.apache.velocity.runtime.resource.loader.ClasspathResourceLoader
2018-04-12 19:01:18,142 - Log4JLogChute initialized using file 'velocity.log'
2018-04-12 19:01:18,142 - Initializing Velocity, Calling init()...
2018-04-12 19:01:18,142 - Starting Apache Velocity v1.7 (compiled: 2010-11-19 12:14:37)
2018-04-12 19:01:18,142 - Default Properties File: org/apache/velocity/runtime/defaults/velocity.properties
2018-04-12 19:01:18,142 - Trying to use logger class org.apache.velocity.runtime.log.AvalonLogChute
2018-04-12 19:01:18,142 - Target log system for org.apache.velocity.runtime.log.AvalonLogChute is not available (java.lang.NoClassDefFoundError: org/apache/log/format/Formatter).  Falling back to next log system...
2018-04-12 19:01:18,142 - Trying to use logger class org.apache.velocity.runtime.log.Log4JLogChute
2018-04-12 19:01:18,143 - Using logger class org.apache.velocity.runtime.log.Log4JLogChute
2018-04-12 19:01:18,144 - ResourceLoader instantiated: org.apache.velocity.runtime.resource.loader.ClasspathResourceLoader
2018-04-12 19:01:18,150 - ResourceCache: initialized (class org.apache.velocity.runtime.resource.ResourceCacheImpl) with class java.util.Collections$SynchronizedMap cache map.
2018-04-12 19:01:18,151 - Loaded System Directive: org.apache.velocity.runtime.directive.Stop
2018-04-12 19:01:18,152 - Loaded System Directive: org.apache.velocity.runtime.directive.Define
2018-04-12 19:01:18,152 - Loaded System Directive: org.apache.velocity.runtime.directive.Break
2018-04-12 19:01:18,153 - Loaded System Directive: org.apache.velocity.runtime.directive.Evaluate
2018-04-12 19:01:18,153 - Loaded System Directive: org.apache.velocity.runtime.directive.Literal
2018-04-12 19:01:18,154 - Loaded System Directive: org.apache.velocity.runtime.directive.Macro
2018-04-12 19:01:18,155 - Loaded System Directive: org.apache.velocity.runtime.directive.Parse
2018-04-12 19:01:18,156 - Loaded System Directive: org.apache.velocity.runtime.directive.Include
2018-04-12 19:01:18,156 - Loaded System Directive: org.apache.velocity.runtime.directive.Foreach
2018-04-12 19:01:18,174 - Created '20' parsers.
2018-04-12 19:01:18,177 - Velocimacro : "velocimacro.library" is not set.  Trying default library: VM_global_library.vm
2018-04-12 19:01:18,177 - Could not load resource 'VM_global_library.vm' from ResourceLoader org.apache.velocity.runtime.resource.loader.ClasspathResourceLoader: ClasspathResourceLoader Error: cannot find resource VM_global_library.vm
2018-04-12 19:01:18,177 - Velocimacro : Default library not found.
2018-04-12 19:01:18,177 - Velocimacro : allowInline = true : VMs can be defined inline in templates
2018-04-12 19:01:18,177 - Velocimacro : allowInlineToOverride = false : VMs defined inline may NOT replace previous VM definitions
2018-04-12 19:01:18,177 - Velocimacro : allowInlineLocal = false : VMs defined inline will be global in scope if allowed.
2018-04-12 19:01:18,177 - Velocimacro : autoload off : VM system will not automatically reload global library macros
2018-04-12 19:01:18,183 - ResourceManager : found gr/rege/ionion/templates/domain_info_req.vm with loader org.apache.velocity.runtime.resource.loader.ClasspathResourceLoader
2018-04-12 19:03:27,920 - Log4JLogChute initialized using file 'velocity.log'
2018-04-12 19:03:27,920 - Initializing Velocity, Calling init()...
2018-04-12 19:03:27,920 - Starting Apache Velocity v1.7 (compiled: 2010-11-19 12:14:37)
2018-04-12 19:03:27,920 - Default Properties File: org/apache/velocity/runtime/defaults/velocity.properties
2018-04-12 19:03:27,920 - Trying to use logger class org.apache.velocity.runtime.log.AvalonLogChute
2018-04-12 19:03:27,920 - Target log system for org.apache.velocity.runtime.log.AvalonLogChute is not available (java.lang.NoClassDefFoundError: org/apache/log/format/Formatter).  Falling back to next log system...
2018-04-12 19:03:27,920 - Trying to use logger class org.apache.velocity.runtime.log.Log4JLogChute
2018-04-12 19:03:27,920 - Using logger class org.apache.velocity.runtime.log.Log4JLogChute
2018-04-12 19:03:27,922 - ResourceLoader instantiated: org.apache.velocity.runtime.resource.loader.ClasspathResourceLoader
2018-04-12 19:03:27,929 - ResourceCache: initialized (class org.apache.velocity.runtime.resource.ResourceCacheImpl) with class java.util.Collections$SynchronizedMap cache map.
2018-04-12 19:03:27,929 - Loaded System Directive: org.apache.velocity.runtime.directive.Stop
2018-04-12 19:03:27,930 - Loaded System Directive: org.apache.velocity.runtime.directive.Define
2018-04-12 19:03:27,931 - Loaded System Directive: org.apache.velocity.runtime.directive.Break
2018-04-12 19:03:27,931 - Loaded System Directive: org.apache.velocity.runtime.directive.Evaluate
2018-04-12 19:03:27,932 - Loaded System Directive: org.apache.velocity.runtime.directive.Literal
2018-04-12 19:03:27,933 - Loaded System Directive: org.apache.velocity.runtime.directive.Macro
2018-04-12 19:03:27,934 - Loaded System Directive: org.apache.velocity.runtime.directive.Parse
2018-04-12 19:03:27,935 - Loaded System Directive: org.apache.velocity.runtime.directive.Include
2018-04-12 19:03:27,935 - Loaded System Directive: org.apache.velocity.runtime.directive.Foreach
2018-04-12 19:03:27,954 - Created '20' parsers.
2018-04-12 19:03:27,956 - Velocimacro : "velocimacro.library" is not set.  Trying default library: VM_global_library.vm
2018-04-12 19:03:27,957 - Could not load resource 'VM_global_library.vm' from ResourceLoader org.apache.velocity.runtime.resource.loader.ClasspathResourceLoader: ClasspathResourceLoader Error: cannot find resource VM_global_library.vm
2018-04-12 19:03:27,957 - Velocimacro : Default library not found.
2018-04-12 19:03:27,957 - Velocimacro : allowInline = true : VMs can be defined inline in templates
2018-04-12 19:03:27,957 - Velocimacro : allowInlineToOverride = false : VMs defined inline may NOT replace previous VM definitions
2018-04-12 19:03:27,957 - Velocimacro : allowInlineLocal = false : VMs defined inline will be global in scope if allowed.
2018-04-12 19:03:27,957 - Velocimacro : autoload off : VM system will not automatically reload global library macros
2018-04-12 19:03:27,963 - ResourceManager : found gr/rege/ionion/templates/domain_info_req.vm with loader org.apache.velocity.runtime.resource.loader.ClasspathResourceLoader
2018-04-12 19:03:56,096 - Log4JLogChute initialized using file 'velocity.log'
2018-04-12 19:03:56,097 - Initializing Velocity, Calling init()...
2018-04-12 19:03:56,097 - Starting Apache Velocity v1.7 (compiled: 2010-11-19 12:14:37)
2018-04-12 19:03:56,097 - Default Properties File: org/apache/velocity/runtime/defaults/velocity.properties
2018-04-12 19:03:56,097 - Trying to use logger class org.apache.velocity.runtime.log.AvalonLogChute
2018-04-12 19:03:56,097 - Target log system for org.apache.velocity.runtime.log.AvalonLogChute is not available (java.lang.NoClassDefFoundError: org/apache/log/format/Formatter).  Falling back to next log system...
2018-04-12 19:03:56,097 - Trying to use logger class org.apache.velocity.runtime.log.Log4JLogChute
2018-04-12 19:03:56,097 - Using logger class org.apache.velocity.runtime.log.Log4JLogChute
2018-04-12 19:03:56,098 - ResourceLoader instantiated: org.apache.velocity.runtime.resource.loader.ClasspathResourceLoader
2018-04-12 19:03:56,104 - ResourceCache: initialized (class org.apache.velocity.runtime.resource.ResourceCacheImpl) with class java.util.Collections$SynchronizedMap cache map.
2018-04-12 19:03:56,105 - Loaded System Directive: org.apache.velocity.runtime.directive.Stop
2018-04-12 19:03:56,106 - Loaded System Directive: org.apache.velocity.runtime.directive.Define
2018-04-12 19:03:56,106 - Loaded System Directive: org.apache.velocity.runtime.directive.Break
2018-04-12 19:03:56,107 - Loaded System Directive: org.apache.velocity.runtime.directive.Evaluate
2018-04-12 19:03:56,107 - Loaded System Directive: org.apache.velocity.runtime.directive.Literal
2018-04-12 19:03:56,107 - Loaded System Directive: org.apache.velocity.runtime.directive.Macro
2018-04-12 19:03:56,108 - Loaded System Directive: org.apache.velocity.runtime.directive.Parse
2018-04-12 19:03:56,109 - Loaded System Directive: org.apache.velocity.runtime.directive.Include
2018-04-12 19:03:56,110 - Loaded System Directive: org.apache.velocity.runtime.directive.Foreach
2018-04-12 19:03:56,127 - Created '20' parsers.
2018-04-12 19:03:56,130 - Velocimacro : "velocimacro.library" is not set.  Trying default library: VM_global_library.vm
2018-04-12 19:03:56,130 - Could not load resource 'VM_global_library.vm' from ResourceLoader org.apache.velocity.runtime.resource.loader.ClasspathResourceLoader: ClasspathResourceLoader Error: cannot find resource VM_global_library.vm
2018-04-12 19:03:56,130 - Velocimacro : Default library not found.
2018-04-12 19:03:56,130 - Velocimacro : allowInline = true : VMs can be defined inline in templates
2018-04-12 19:03:56,130 - Velocimacro : allowInlineToOverride = false : VMs defined inline may NOT replace previous VM definitions
2018-04-12 19:03:56,130 - Velocimacro : allowInlineLocal = false : VMs defined inline will be global in scope if allowed.
2018-04-12 19:03:56,130 - Velocimacro : autoload off : VM system will not automatically reload global library macros
2018-04-12 19:03:56,136 - ResourceManager : found gr/rege/ionion/templates/domain_info_req.vm with loader org.apache.velocity.runtime.resource.loader.ClasspathResourceLoader
2018-04-12 19:04:12,428 - Log4JLogChute initialized using file 'velocity.log'
2018-04-12 19:04:12,428 - Initializing Velocity, Calling init()...
2018-04-12 19:04:12,428 - Starting Apache Velocity v1.7 (compiled: 2010-11-19 12:14:37)
2018-04-12 19:04:12,428 - Default Properties File: org/apache/velocity/runtime/defaults/velocity.properties
2018-04-12 19:04:12,428 - Trying to use logger class org.apache.velocity.runtime.log.AvalonLogChute
2018-04-12 19:04:12,428 - Target log system for org.apache.velocity.runtime.log.AvalonLogChute is not available (java.lang.NoClassDefFoundError: org/apache/log/format/Formatter).  Falling back to next log system...
2018-04-12 19:04:12,428 - Trying to use logger class org.apache.velocity.runtime.log.Log4JLogChute
2018-04-12 19:04:12,428 - Using logger class org.apache.velocity.runtime.log.Log4JLogChute
2018-04-12 19:04:12,430 - ResourceLoader instantiated: org.apache.velocity.runtime.resource.loader.ClasspathResourceLoader
2018-04-12 19:04:12,442 - ResourceCache: initialized (class org.apache.velocity.runtime.resource.ResourceCacheImpl) with class java.util.Collections$SynchronizedMap cache map.
2018-04-12 19:04:12,442 - Loaded System Directive: org.apache.velocity.runtime.directive.Stop
2018-04-12 19:04:12,443 - Loaded System Directive: org.apache.velocity.runtime.directive.Define
2018-04-12 19:04:12,443 - Loaded System Directive: org.apache.velocity.runtime.directive.Break
2018-04-12 19:04:12,444 - Loaded System Directive: org.apache.velocity.runtime.directive.Evaluate
2018-04-12 19:04:12,444 - Loaded System Directive: org.apache.velocity.runtime.directive.Literal
2018-04-12 19:04:12,444 - Loaded System Directive: org.apache.velocity.runtime.directive.Macro
2018-04-12 19:04:12,445 - Loaded System Directive: org.apache.velocity.runtime.directive.Parse
2018-04-12 19:04:12,446 - Loaded System Directive: org.apache.velocity.runtime.directive.Include
2018-04-12 19:04:12,446 - Loaded System Directive: org.apache.velocity.runtime.directive.Foreach
2018-04-12 19:04:12,469 - Created '20' parsers.
2018-04-12 19:04:12,484 - Velocimacro : "velocimacro.library" is not set.  Trying default library: VM_global_library.vm
2018-04-12 19:04:12,484 - Could not load resource 'VM_global_library.vm' from ResourceLoader org.apache.velocity.runtime.resource.loader.ClasspathResourceLoader: ClasspathResourceLoader Error: cannot find resource VM_global_library.vm
2018-04-12 19:04:12,484 - Velocimacro : Default library not found.
2018-04-12 19:04:12,484 - Velocimacro : allowInline = true : VMs can be defined inline in templates
2018-04-12 19:04:12,484 - Velocimacro : allowInlineToOverride = false : VMs defined inline may NOT replace previous VM definitions
2018-04-12 19:04:12,484 - Velocimacro : allowInlineLocal = false : VMs defined inline will be global in scope if allowed.
2018-04-12 19:04:12,484 - Velocimacro : autoload off : VM system will not automatically reload global library macros
2018-04-12 19:04:12,491 - ResourceManager : found gr/rege/ionion/templates/domain_info_req.vm with loader org.apache.velocity.runtime.resource.loader.ClasspathResourceLoader
2018-04-12 19:05:33,778 - Log4JLogChute initialized using file 'velocity.log'
2018-04-12 19:05:33,778 - Initializing Velocity, Calling init()...
2018-04-12 19:05:33,778 - Starting Apache Velocity v1.7 (compiled: 2010-11-19 12:14:37)
2018-04-12 19:05:33,778 - Default Properties File: org/apache/velocity/runtime/defaults/velocity.properties
2018-04-12 19:05:33,778 - Trying to use logger class org.apache.velocity.runtime.log.AvalonLogChute
2018-04-12 19:05:33,778 - Target log system for org.apache.velocity.runtime.log.AvalonLogChute is not available (java.lang.NoClassDefFoundError: org/apache/log/format/Formatter).  Falling back to next log system...
2018-04-12 19:05:33,778 - Trying to use logger class org.apache.velocity.runtime.log.Log4JLogChute
2018-04-12 19:05:33,778 - Using logger class org.apache.velocity.runtime.log.Log4JLogChute
2018-04-12 19:05:33,780 - ResourceLoader instantiated: org.apache.velocity.runtime.resource.loader.ClasspathResourceLoader
2018-04-12 19:05:33,786 - ResourceCache: initialized (class org.apache.velocity.runtime.resource.ResourceCacheImpl) with class java.util.Collections$SynchronizedMap cache map.
2018-04-12 19:05:33,787 - Loaded System Directive: org.apache.velocity.runtime.directive.Stop
2018-04-12 19:05:33,788 - Loaded System Directive: org.apache.velocity.runtime.directive.Define
2018-04-12 19:05:33,788 - Loaded System Directive: org.apache.velocity.runtime.directive.Break
2018-04-12 19:05:33,789 - Loaded System Directive: org.apache.velocity.runtime.directive.Evaluate
2018-04-12 19:05:33,789 - Loaded System Directive: org.apache.velocity.runtime.directive.Literal
2018-04-12 19:05:33,790 - Loaded System Directive: org.apache.velocity.runtime.directive.Macro
2018-04-12 19:05:33,790 - Loaded System Directive: org.apache.velocity.runtime.directive.Parse
2018-04-12 19:05:33,791 - Loaded System Directive: org.apache.velocity.runtime.directive.Include
2018-04-12 19:05:33,792 - Loaded System Directive: org.apache.velocity.runtime.directive.Foreach
2018-04-12 19:05:33,812 - Created '20' parsers.
2018-04-12 19:05:33,814 - Velocimacro : "velocimacro.library" is not set.  Trying default library: VM_global_library.vm
2018-04-12 19:05:33,815 - Could not load resource 'VM_global_library.vm' from ResourceLoader org.apache.velocity.runtime.resource.loader.ClasspathResourceLoader: ClasspathResourceLoader Error: cannot find resource VM_global_library.vm
2018-04-12 19:05:33,815 - Velocimacro : Default library not found.
2018-04-12 19:05:33,815 - Velocimacro : allowInline = true : VMs can be defined inline in templates
2018-04-12 19:05:33,815 - Velocimacro : allowInlineToOverride = false : VMs defined inline may NOT replace previous VM definitions
2018-04-12 19:05:33,815 - Velocimacro : allowInlineLocal = false : VMs defined inline will be global in scope if allowed.
2018-04-12 19:05:33,815 - Velocimacro : autoload off : VM system will not automatically reload global library macros
2018-04-12 19:05:33,821 - ResourceManager : found gr/rege/ionion/templates/domain_info_req.vm with loader org.apache.velocity.runtime.resource.loader.ClasspathResourceLoader
2018-04-12 19:05:56,970 - Log4JLogChute initialized using file 'velocity.log'
2018-04-12 19:05:56,971 - Initializing Velocity, Calling init()...
2018-04-12 19:05:56,971 - Starting Apache Velocity v1.7 (compiled: 2010-11-19 12:14:37)
2018-04-12 19:05:56,971 - Default Properties File: org/apache/velocity/runtime/defaults/velocity.properties
2018-04-12 19:05:56,971 - Trying to use logger class org.apache.velocity.runtime.log.AvalonLogChute
2018-04-12 19:05:56,971 - Target log system for org.apache.velocity.runtime.log.AvalonLogChute is not available (java.lang.NoClassDefFoundError: org/apache/log/format/Formatter).  Falling back to next log system...
2018-04-12 19:05:56,971 - Trying to use logger class org.apache.velocity.runtime.log.Log4JLogChute
2018-04-12 19:05:56,971 - Using logger class org.apache.velocity.runtime.log.Log4JLogChute
2018-04-12 19:05:56,973 - ResourceLoader instantiated: org.apache.velocity.runtime.resource.loader.ClasspathResourceLoader
2018-04-12 19:05:56,981 - ResourceCache: initialized (class org.apache.velocity.runtime.resource.ResourceCacheImpl) with class java.util.Collections$SynchronizedMap cache map.
2018-04-12 19:05:56,982 - Loaded System Directive: org.apache.velocity.runtime.directive.Stop
2018-04-12 19:05:56,983 - Loaded System Directive: org.apache.velocity.runtime.directive.Define
2018-04-12 19:05:56,983 - Loaded System Directive: org.apache.velocity.runtime.directive.Break
2018-04-12 19:05:56,984 - Loaded System Directive: org.apache.velocity.runtime.directive.Evaluate
2018-04-12 19:05:56,984 - Loaded System Directive: org.apache.velocity.runtime.directive.Literal
2018-04-12 19:05:56,985 - Loaded System Directive: org.apache.velocity.runtime.directive.Macro
2018-04-12 19:05:56,985 - Loaded System Directive: org.apache.velocity.runtime.directive.Parse
2018-04-12 19:05:56,986 - Loaded System Directive: org.apache.velocity.runtime.directive.Include
2018-04-12 19:05:56,987 - Loaded System Directive: org.apache.velocity.runtime.directive.Foreach
2018-04-12 19:05:57,004 - Created '20' parsers.
2018-04-12 19:05:57,007 - Velocimacro : "velocimacro.library" is not set.  Trying default library: VM_global_library.vm
2018-04-12 19:05:57,007 - Could not load resource 'VM_global_library.vm' from ResourceLoader org.apache.velocity.runtime.resource.loader.ClasspathResourceLoader: ClasspathResourceLoader Error: cannot find resource VM_global_library.vm
2018-04-12 19:05:57,007 - Velocimacro : Default library not found.
2018-04-12 19:05:57,007 - Velocimacro : allowInline = true : VMs can be defined inline in templates
2018-04-12 19:05:57,007 - Velocimacro : allowInlineToOverride = false : VMs defined inline may NOT replace previous VM definitions
2018-04-12 19:05:57,007 - Velocimacro : allowInlineLocal = false : VMs defined inline will be global in scope if allowed.
2018-04-12 19:05:57,007 - Velocimacro : autoload off : VM system will not automatically reload global library macros
2018-04-12 19:05:57,013 - ResourceManager : found gr/rege/ionion/templates/domain_info_req.vm with loader org.apache.velocity.runtime.resource.loader.ClasspathResourceLoader
2018-04-12 19:06:20,410 - Log4JLogChute initialized using file 'velocity.log'
2018-04-12 19:06:20,410 - Initializing Velocity, Calling init()...
2018-04-12 19:06:20,410 - Starting Apache Velocity v1.7 (compiled: 2010-11-19 12:14:37)
2018-04-12 19:06:20,410 - Default Properties File: org/apache/velocity/runtime/defaults/velocity.properties
2018-04-12 19:06:20,410 - Trying to use logger class org.apache.velocity.runtime.log.AvalonLogChute
2018-04-12 19:06:20,410 - Target log system for org.apache.velocity.runtime.log.AvalonLogChute is not available (java.lang.NoClassDefFoundError: org/apache/log/format/Formatter).  Falling back to next log system...
2018-04-12 19:06:20,410 - Trying to use logger class org.apache.velocity.runtime.log.Log4JLogChute
2018-04-12 19:06:20,410 - Using logger class org.apache.velocity.runtime.log.Log4JLogChute
2018-04-12 19:06:20,412 - ResourceLoader instantiated: org.apache.velocity.runtime.resource.loader.ClasspathResourceLoader
2018-04-12 19:06:20,419 - ResourceCache: initialized (class org.apache.velocity.runtime.resource.ResourceCacheImpl) with class java.util.Collections$SynchronizedMap cache map.
2018-04-12 19:06:20,419 - Loaded System Directive: org.apache.velocity.runtime.directive.Stop
2018-04-12 19:06:20,421 - Loaded System Directive: org.apache.velocity.runtime.directive.Define
2018-04-12 19:06:20,421 - Loaded System Directive: org.apache.velocity.runtime.directive.Break
2018-04-12 19:06:20,421 - Loaded System Directive: org.apache.velocity.runtime.directive.Evaluate
2018-04-12 19:06:20,422 - Loaded System Directive: org.apache.velocity.runtime.directive.Literal
2018-04-12 19:06:20,422 - Loaded System Directive: org.apache.velocity.runtime.directive.Macro
2018-04-12 19:06:20,423 - Loaded System Directive: org.apache.velocity.runtime.directive.Parse
2018-04-12 19:06:20,424 - Loaded System Directive: org.apache.velocity.runtime.directive.Include
2018-04-12 19:06:20,424 - Loaded System Directive: org.apache.velocity.runtime.directive.Foreach
2018-04-12 19:06:20,443 - Created '20' parsers.
2018-04-12 19:06:20,445 - Velocimacro : "velocimacro.library" is not set.  Trying default library: VM_global_library.vm
2018-04-12 19:06:20,446 - Could not load resource 'VM_global_library.vm' from ResourceLoader org.apache.velocity.runtime.resource.loader.ClasspathResourceLoader: ClasspathResourceLoader Error: cannot find resource VM_global_library.vm
2018-04-12 19:06:20,446 - Velocimacro : Default library not found.
2018-04-12 19:06:20,446 - Velocimacro : allowInline = true : VMs can be defined inline in templates
2018-04-12 19:06:20,446 - Velocimacro : allowInlineToOverride = false : VMs defined inline may NOT replace previous VM definitions
2018-04-12 19:06:20,446 - Velocimacro : allowInlineLocal = false : VMs defined inline will be global in scope if allowed.
2018-04-12 19:06:20,446 - Velocimacro : autoload off : VM system will not automatically reload global library macros
2018-04-12 19:06:20,452 - ResourceManager : found gr/rege/ionion/templates/domain_info_req.vm with loader org.apache.velocity.runtime.resource.loader.ClasspathResourceLoader
2018-04-12 19:09:14,512 - Log4JLogChute initialized using file 'velocity.log'
2018-04-12 19:09:14,513 - Initializing Velocity, Calling init()...
2018-04-12 19:09:14,513 - Starting Apache Velocity v1.7 (compiled: 2010-11-19 12:14:37)
2018-04-12 19:09:14,513 - Default Properties File: org/apache/velocity/runtime/defaults/velocity.properties
2018-04-12 19:09:14,513 - Trying to use logger class org.apache.velocity.runtime.log.AvalonLogChute
2018-04-12 19:09:14,513 - Target log system for org.apache.velocity.runtime.log.AvalonLogChute is not available (java.lang.NoClassDefFoundError: org/apache/log/format/Formatter).  Falling back to next log system...
2018-04-12 19:09:14,513 - Trying to use logger class org.apache.velocity.runtime.log.Log4JLogChute
2018-04-12 19:09:14,513 - Using logger class org.apache.velocity.runtime.log.Log4JLogChute
2018-04-12 19:09:14,515 - ResourceLoader instantiated: org.apache.velocity.runtime.resource.loader.ClasspathResourceLoader
2018-04-12 19:09:14,522 - ResourceCache: initialized (class org.apache.velocity.runtime.resource.ResourceCacheImpl) with class java.util.Collections$SynchronizedMap cache map.
2018-04-12 19:09:14,523 - Loaded System Directive: org.apache.velocity.runtime.directive.Stop
2018-04-12 19:09:14,524 - Loaded System Directive: org.apache.velocity.runtime.directive.Define
2018-04-12 19:09:14,525 - Loaded System Directive: org.apache.velocity.runtime.directive.Break
2018-04-12 19:09:14,525 - Loaded System Directive: org.apache.velocity.runtime.directive.Evaluate
2018-04-12 19:09:14,525 - Loaded System Directive: org.apache.velocity.runtime.directive.Literal
2018-04-12 19:09:14,526 - Loaded System Directive: org.apache.velocity.runtime.directive.Macro
2018-04-12 19:09:14,527 - Loaded System Directive: org.apache.velocity.runtime.directive.Parse
2018-04-12 19:09:14,527 - Loaded System Directive: org.apache.velocity.runtime.directive.Include
2018-04-12 19:09:14,528 - Loaded System Directive: org.apache.velocity.runtime.directive.Foreach
2018-04-12 19:09:14,552 - Created '20' parsers.
2018-04-12 19:09:14,555 - Velocimacro : "velocimacro.library" is not set.  Trying default library: VM_global_library.vm
2018-04-12 19:09:14,556 - Could not load resource 'VM_global_library.vm' from ResourceLoader org.apache.velocity.runtime.resource.loader.ClasspathResourceLoader: ClasspathResourceLoader Error: cannot find resource VM_global_library.vm
2018-04-12 19:09:14,556 - Velocimacro : Default library not found.
2018-04-12 19:09:14,556 - Velocimacro : allowInline = true : VMs can be defined inline in templates
2018-04-12 19:09:14,556 - Velocimacro : allowInlineToOverride = false : VMs defined inline may NOT replace previous VM definitions
2018-04-12 19:09:14,556 - Velocimacro : allowInlineLocal = false : VMs defined inline will be global in scope if allowed.
2018-04-12 19:09:14,556 - Velocimacro : autoload off : VM system will not automatically reload global library macros
2018-04-12 19:09:14,563 - ResourceManager : found gr/rege/ionion/templates/domain_info_req.vm with loader org.apache.velocity.runtime.resource.loader.ClasspathResourceLoader
2018-04-12 19:12:08,121 - Log4JLogChute initialized using file 'velocity.log'
2018-04-12 19:12:08,121 - Initializing Velocity, Calling init()...
2018-04-12 19:12:08,121 - Starting Apache Velocity v1.7 (compiled: 2010-11-19 12:14:37)
2018-04-12 19:12:08,121 - Default Properties File: org/apache/velocity/runtime/defaults/velocity.properties
2018-04-12 19:12:08,121 - Trying to use logger class org.apache.velocity.runtime.log.AvalonLogChute
2018-04-12 19:12:08,121 - Target log system for org.apache.velocity.runtime.log.AvalonLogChute is not available (java.lang.NoClassDefFoundError: org/apache/log/format/Formatter).  Falling back to next log system...
2018-04-12 19:12:08,121 - Trying to use logger class org.apache.velocity.runtime.log.Log4JLogChute
2018-04-12 19:12:08,121 - Using logger class org.apache.velocity.runtime.log.Log4JLogChute
2018-04-12 19:12:08,123 - ResourceLoader instantiated: org.apache.velocity.runtime.resource.loader.ClasspathResourceLoader
2018-04-12 19:12:08,129 - ResourceCache: initialized (class org.apache.velocity.runtime.resource.ResourceCacheImpl) with class java.util.Collections$SynchronizedMap cache map.
2018-04-12 19:12:08,130 - Loaded System Directive: org.apache.velocity.runtime.directive.Stop
2018-04-12 19:12:08,131 - Loaded System Directive: org.apache.velocity.runtime.directive.Define
2018-04-12 19:12:08,131 - Loaded System Directive: org.apache.velocity.runtime.directive.Break
2018-04-12 19:12:08,131 - Loaded System Directive: org.apache.velocity.runtime.directive.Evaluate
2018-04-12 19:12:08,132 - Loaded System Directive: org.apache.velocity.runtime.directive.Literal
2018-04-12 19:12:08,132 - Loaded System Directive: org.apache.velocity.runtime.directive.Macro
2018-04-12 19:12:08,133 - Loaded System Directive: org.apache.velocity.runtime.directive.Parse
2018-04-12 19:12:08,134 - Loaded System Directive: org.apache.velocity.runtime.directive.Include
2018-04-12 19:12:08,134 - Loaded System Directive: org.apache.velocity.runtime.directive.Foreach
2018-04-12 19:12:08,151 - Created '20' parsers.
2018-04-12 19:12:08,154 - Velocimacro : "velocimacro.library" is not set.  Trying default library: VM_global_library.vm
2018-04-12 19:12:08,154 - Could not load resource 'VM_global_library.vm' from ResourceLoader org.apache.velocity.runtime.resource.loader.ClasspathResourceLoader: ClasspathResourceLoader Error: cannot find resource VM_global_library.vm
2018-04-12 19:12:08,154 - Velocimacro : Default library not found.
2018-04-12 19:12:08,154 - Velocimacro : allowInline = true : VMs can be defined inline in templates
2018-04-12 19:12:08,154 - Velocimacro : allowInlineToOverride = false : VMs defined inline may NOT replace previous VM definitions
2018-04-12 19:12:08,154 - Velocimacro : allowInlineLocal = false : VMs defined inline will be global in scope if allowed.
2018-04-12 19:12:08,154 - Velocimacro : autoload off : VM system will not automatically reload global library macros
2018-04-12 19:12:08,161 - ResourceManager : found gr/rege/ionion/templates/domain_info_req.vm with loader org.apache.velocity.runtime.resource.loader.ClasspathResourceLoader
2018-04-12 19:14:02,807 - Log4JLogChute initialized using file 'velocity.log'
2018-04-12 19:14:02,807 - Initializing Velocity, Calling init()...
2018-04-12 19:14:02,807 - Starting Apache Velocity v1.7 (compiled: 2010-11-19 12:14:37)
2018-04-12 19:14:02,807 - Default Properties File: org/apache/velocity/runtime/defaults/velocity.properties
2018-04-12 19:14:02,807 - Trying to use logger class org.apache.velocity.runtime.log.AvalonLogChute
2018-04-12 19:14:02,807 - Target log system for org.apache.velocity.runtime.log.AvalonLogChute is not available (java.lang.NoClassDefFoundError: org/apache/log/format/Formatter).  Falling back to next log system...
2018-04-12 19:14:02,807 - Trying to use logger class org.apache.velocity.runtime.log.Log4JLogChute
2018-04-12 19:14:02,807 - Using logger class org.apache.velocity.runtime.log.Log4JLogChute
2018-04-12 19:14:02,811 - ResourceLoader instantiated: org.apache.velocity.runtime.resource.loader.ClasspathResourceLoader
2018-04-12 19:14:02,819 - ResourceCache: initialized (class org.apache.velocity.runtime.resource.ResourceCacheImpl) with class java.util.Collections$SynchronizedMap cache map.
2018-04-12 19:14:02,819 - Loaded System Directive: org.apache.velocity.runtime.directive.Stop
2018-04-12 19:14:02,820 - Loaded System Directive: org.apache.velocity.runtime.directive.Define
2018-04-12 19:14:02,820 - Loaded System Directive: org.apache.velocity.runtime.directive.Break
2018-04-12 19:14:02,821 - Loaded System Directive: org.apache.velocity.runtime.directive.Evaluate
2018-04-12 19:14:02,821 - Loaded System Directive: org.apache.velocity.runtime.directive.Literal
2018-04-12 19:14:02,822 - Loaded System Directive: org.apache.velocity.runtime.directive.Macro
2018-04-12 19:14:02,823 - Loaded System Directive: org.apache.velocity.runtime.directive.Parse
2018-04-12 19:14:02,823 - Loaded System Directive: org.apache.velocity.runtime.directive.Include
2018-04-12 19:14:02,824 - Loaded System Directive: org.apache.velocity.runtime.directive.Foreach
2018-04-12 19:14:02,841 - Created '20' parsers.
2018-04-12 19:14:02,846 - Velocimacro : "velocimacro.library" is not set.  Trying default library: VM_global_library.vm
2018-04-12 19:14:02,847 - Could not load resource 'VM_global_library.vm' from ResourceLoader org.apache.velocity.runtime.resource.loader.ClasspathResourceLoader: ClasspathResourceLoader Error: cannot find resource VM_global_library.vm
2018-04-12 19:14:02,847 - Velocimacro : Default library not found.
2018-04-12 19:14:02,847 - Velocimacro : allowInline = true : VMs can be defined inline in templates
2018-04-12 19:14:02,847 - Velocimacro : allowInlineToOverride = false : VMs defined inline may NOT replace previous VM definitions
2018-04-12 19:14:02,847 - Velocimacro : allowInlineLocal = false : VMs defined inline will be global in scope if allowed.
2018-04-12 19:14:02,847 - Velocimacro : autoload off : VM system will not automatically reload global library macros
2018-04-12 19:14:02,851 - ResourceManager : found gr/rege/ionion/templates/domain_info_req.vm with loader org.apache.velocity.runtime.resource.loader.ClasspathResourceLoader
2018-04-12 19:14:49,592 - Log4JLogChute initialized using file 'velocity.log'
2018-04-12 19:14:49,592 - Initializing Velocity, Calling init()...
2018-04-12 19:14:49,592 - Starting Apache Velocity v1.7 (compiled: 2010-11-19 12:14:37)
2018-04-12 19:14:49,592 - Default Properties File: org/apache/velocity/runtime/defaults/velocity.properties
2018-04-12 19:14:49,592 - Trying to use logger class org.apache.velocity.runtime.log.AvalonLogChute
2018-04-12 19:14:49,592 - Target log system for org.apache.velocity.runtime.log.AvalonLogChute is not available (java.lang.NoClassDefFoundError: org/apache/log/format/Formatter).  Falling back to next log system...
2018-04-12 19:14:49,592 - Trying to use logger class org.apache.velocity.runtime.log.Log4JLogChute
2018-04-12 19:14:49,592 - Using logger class org.apache.velocity.runtime.log.Log4JLogChute
2018-04-12 19:14:49,601 - ResourceLoader instantiated: org.apache.velocity.runtime.resource.loader.ClasspathResourceLoader
2018-04-12 19:14:49,608 - ResourceCache: initialized (class org.apache.velocity.runtime.resource.ResourceCacheImpl) with class java.util.Collections$SynchronizedMap cache map.
2018-04-12 19:14:49,609 - Loaded System Directive: org.apache.velocity.runtime.directive.Stop
2018-04-12 19:14:49,609 - Loaded System Directive: org.apache.velocity.runtime.directive.Define
2018-04-12 19:14:49,610 - Loaded System Directive: org.apache.velocity.runtime.directive.Break
2018-04-12 19:14:49,610 - Loaded System Directive: org.apache.velocity.runtime.directive.Evaluate
2018-04-12 19:14:49,610 - Loaded System Directive: org.apache.velocity.runtime.directive.Literal
2018-04-12 19:14:49,611 - Loaded System Directive: org.apache.velocity.runtime.directive.Macro
2018-04-12 19:14:49,611 - Loaded System Directive: org.apache.velocity.runtime.directive.Parse
2018-04-12 19:14:49,612 - Loaded System Directive: org.apache.velocity.runtime.directive.Include
2018-04-12 19:14:49,613 - Loaded System Directive: org.apache.velocity.runtime.directive.Foreach
2018-04-12 19:14:49,634 - Created '20' parsers.
2018-04-12 19:14:49,644 - Velocimacro : "velocimacro.library" is not set.  Trying default library: VM_global_library.vm
2018-04-12 19:14:49,644 - Could not load resource 'VM_global_library.vm' from ResourceLoader org.apache.velocity.runtime.resource.loader.ClasspathResourceLoader: ClasspathResourceLoader Error: cannot find resource VM_global_library.vm
2018-04-12 19:14:49,644 - Velocimacro : Default library not found.
2018-04-12 19:14:49,644 - Velocimacro : allowInline = true : VMs can be defined inline in templates
2018-04-12 19:14:49,644 - Velocimacro : allowInlineToOverride = false : VMs defined inline may NOT replace previous VM definitions
2018-04-12 19:14:49,644 - Velocimacro : allowInlineLocal = false : VMs defined inline will be global in scope if allowed.
2018-04-12 19:14:49,644 - Velocimacro : autoload off : VM system will not automatically reload global library macros
2018-04-12 19:14:49,652 - ResourceManager : found gr/rege/ionion/templates/domain_info_req.vm with loader org.apache.velocity.runtime.resource.loader.ClasspathResourceLoader
2018-04-12 19:15:32,670 - Log4JLogChute initialized using file 'velocity.log'
2018-04-12 19:15:32,670 - Initializing Velocity, Calling init()...
2018-04-12 19:15:32,670 - Starting Apache Velocity v1.7 (compiled: 2010-11-19 12:14:37)
2018-04-12 19:15:32,670 - Default Properties File: org/apache/velocity/runtime/defaults/velocity.properties
2018-04-12 19:15:32,670 - Trying to use logger class org.apache.velocity.runtime.log.AvalonLogChute
2018-04-12 19:15:32,670 - Target log system for org.apache.velocity.runtime.log.AvalonLogChute is not available (java.lang.NoClassDefFoundError: org/apache/log/format/Formatter).  Falling back to next log system...
2018-04-12 19:15:32,670 - Trying to use logger class org.apache.velocity.runtime.log.Log4JLogChute
2018-04-12 19:15:32,670 - Using logger class org.apache.velocity.runtime.log.Log4JLogChute
2018-04-12 19:15:32,672 - ResourceLoader instantiated: org.apache.velocity.runtime.resource.loader.ClasspathResourceLoader
2018-04-12 19:15:32,679 - ResourceCache: initialized (class org.apache.velocity.runtime.resource.ResourceCacheImpl) with class java.util.Collections$SynchronizedMap cache map.
2018-04-12 19:15:32,680 - Loaded System Directive: org.apache.velocity.runtime.directive.Stop
2018-04-12 19:15:32,681 - Loaded System Directive: org.apache.velocity.runtime.directive.Define
2018-04-12 19:15:32,681 - Loaded System Directive: org.apache.velocity.runtime.directive.Break
2018-04-12 19:15:32,681 - Loaded System Directive: org.apache.velocity.runtime.directive.Evaluate
2018-04-12 19:15:32,681 - Loaded System Directive: org.apache.velocity.runtime.directive.Literal
2018-04-12 19:15:32,682 - Loaded System Directive: org.apache.velocity.runtime.directive.Macro
2018-04-12 19:15:32,683 - Loaded System Directive: org.apache.velocity.runtime.directive.Parse
2018-04-12 19:15:32,684 - Loaded System Directive: org.apache.velocity.runtime.directive.Include
2018-04-12 19:15:32,685 - Loaded System Directive: org.apache.velocity.runtime.directive.Foreach
2018-04-12 19:15:32,701 - Created '20' parsers.
2018-04-12 19:15:32,705 - Velocimacro : "velocimacro.library" is not set.  Trying default library: VM_global_library.vm
2018-04-12 19:15:32,706 - Could not load resource 'VM_global_library.vm' from ResourceLoader org.apache.velocity.runtime.resource.loader.ClasspathResourceLoader: ClasspathResourceLoader Error: cannot find resource VM_global_library.vm
2018-04-12 19:15:32,706 - Velocimacro : Default library not found.
2018-04-12 19:15:32,706 - Velocimacro : allowInline = true : VMs can be defined inline in templates
2018-04-12 19:15:32,706 - Velocimacro : allowInlineToOverride = false : VMs defined inline may NOT replace previous VM definitions
2018-04-12 19:15:32,706 - Velocimacro : allowInlineLocal = false : VMs defined inline will be global in scope if allowed.
2018-04-12 19:15:32,706 - Velocimacro : autoload off : VM system will not automatically reload global library macros
2018-04-12 19:15:32,710 - ResourceManager : found gr/rege/ionion/templates/domain_info_req.vm with loader org.apache.velocity.runtime.resource.loader.ClasspathResourceLoader
2018-04-12 19:17:55,157 - Log4JLogChute initialized using file 'velocity.log'
2018-04-12 19:17:55,157 - Initializing Velocity, Calling init()...
2018-04-12 19:17:55,157 - Starting Apache Velocity v1.7 (compiled: 2010-11-19 12:14:37)
2018-04-12 19:17:55,157 - Default Properties File: org/apache/velocity/runtime/defaults/velocity.properties
2018-04-12 19:17:55,157 - Trying to use logger class org.apache.velocity.runtime.log.AvalonLogChute
2018-04-12 19:17:55,157 - Target log system for org.apache.velocity.runtime.log.AvalonLogChute is not available (java.lang.NoClassDefFoundError: org/apache/log/format/Formatter).  Falling back to next log system...
2018-04-12 19:17:55,157 - Trying to use logger class org.apache.velocity.runtime.log.Log4JLogChute
2018-04-12 19:17:55,157 - Using logger class org.apache.velocity.runtime.log.Log4JLogChute
2018-04-12 19:17:55,159 - ResourceLoader instantiated: org.apache.velocity.runtime.resource.loader.ClasspathResourceLoader
2018-04-12 19:17:55,165 - ResourceCache: initialized (class org.apache.velocity.runtime.resource.ResourceCacheImpl) with class java.util.Collections$SynchronizedMap cache map.
2018-04-12 19:17:55,166 - Loaded System Directive: org.apache.velocity.runtime.directive.Stop
2018-04-12 19:17:55,166 - Loaded System Directive: org.apache.velocity.runtime.directive.Define
2018-04-12 19:17:55,167 - Loaded System Directive: org.apache.velocity.runtime.directive.Break
2018-04-12 19:17:55,167 - Loaded System Directive: org.apache.velocity.runtime.directive.Evaluate
2018-04-12 19:17:55,167 - Loaded System Directive: org.apache.velocity.runtime.directive.Literal
2018-04-12 19:17:55,168 - Loaded System Directive: org.apache.velocity.runtime.directive.Macro
2018-04-12 19:17:55,168 - Loaded System Directive: org.apache.velocity.runtime.directive.Parse
2018-04-12 19:17:55,169 - Loaded System Directive: org.apache.velocity.runtime.directive.Include
2018-04-12 19:17:55,170 - Loaded System Directive: org.apache.velocity.runtime.directive.Foreach
2018-04-12 19:17:55,188 - Created '20' parsers.
2018-04-12 19:17:55,191 - Velocimacro : "velocimacro.library" is not set.  Trying default library: VM_global_library.vm
2018-04-12 19:17:55,191 - Could not load resource 'VM_global_library.vm' from ResourceLoader org.apache.velocity.runtime.resource.loader.ClasspathResourceLoader: ClasspathResourceLoader Error: cannot find resource VM_global_library.vm
2018-04-12 19:17:55,191 - Velocimacro : Default library not found.
2018-04-12 19:17:55,191 - Velocimacro : allowInline = true : VMs can be defined inline in templates
2018-04-12 19:17:55,191 - Velocimacro : allowInlineToOverride = false : VMs defined inline may NOT replace previous VM definitions
2018-04-12 19:17:55,191 - Velocimacro : allowInlineLocal = false : VMs defined inline will be global in scope if allowed.
2018-04-12 19:17:55,192 - Velocimacro : autoload off : VM system will not automatically reload global library macros
2018-04-12 19:17:55,196 - ResourceManager : found gr/rege/ionion/templates/domain_info_req.vm with loader org.apache.velocity.runtime.resource.loader.ClasspathResourceLoader
2018-04-12 19:19:17,344 - Log4JLogChute initialized using file 'velocity.log'
2018-04-12 19:19:17,344 - Initializing Velocity, Calling init()...
2018-04-12 19:19:17,344 - Starting Apache Velocity v1.7 (compiled: 2010-11-19 12:14:37)
2018-04-12 19:19:17,344 - Default Properties File: org/apache/velocity/runtime/defaults/velocity.properties
2018-04-12 19:19:17,344 - Trying to use logger class org.apache.velocity.runtime.log.AvalonLogChute
2018-04-12 19:19:17,344 - Target log system for org.apache.velocity.runtime.log.AvalonLogChute is not available (java.lang.NoClassDefFoundError: org/apache/log/format/Formatter).  Falling back to next log system...
2018-04-12 19:19:17,344 - Trying to use logger class org.apache.velocity.runtime.log.Log4JLogChute
2018-04-12 19:19:17,344 - Using logger class org.apache.velocity.runtime.log.Log4JLogChute
2018-04-12 19:19:17,346 - ResourceLoader instantiated: org.apache.velocity.runtime.resource.loader.ClasspathResourceLoader
2018-04-12 19:19:17,353 - ResourceCache: initialized (class org.apache.velocity.runtime.resource.ResourceCacheImpl) with class java.util.Collections$SynchronizedMap cache map.
2018-04-12 19:19:17,354 - Loaded System Directive: org.apache.velocity.runtime.directive.Stop
2018-04-12 19:19:17,354 - Loaded System Directive: org.apache.velocity.runtime.directive.Define
2018-04-12 19:19:17,355 - Loaded System Directive: org.apache.velocity.runtime.directive.Break
2018-04-12 19:19:17,355 - Loaded System Directive: org.apache.velocity.runtime.directive.Evaluate
2018-04-12 19:19:17,356 - Loaded System Directive: org.apache.velocity.runtime.directive.Literal
2018-04-12 19:19:17,356 - Loaded System Directive: org.apache.velocity.runtime.directive.Macro
2018-04-12 19:19:17,357 - Loaded System Directive: org.apache.velocity.runtime.directive.Parse
2018-04-12 19:19:17,357 - Loaded System Directive: org.apache.velocity.runtime.directive.Include
2018-04-12 19:19:17,358 - Loaded System Directive: org.apache.velocity.runtime.directive.Foreach
2018-04-12 19:19:17,377 - Created '20' parsers.
2018-04-12 19:19:17,380 - Velocimacro : "velocimacro.library" is not set.  Trying default library: VM_global_library.vm
2018-04-12 19:19:17,380 - Could not load resource 'VM_global_library.vm' from ResourceLoader org.apache.velocity.runtime.resource.loader.ClasspathResourceLoader: ClasspathResourceLoader Error: cannot find resource VM_global_library.vm
2018-04-12 19:19:17,380 - Velocimacro : Default library not found.
2018-04-12 19:19:17,380 - Velocimacro : allowInline = true : VMs can be defined inline in templates
2018-04-12 19:19:17,380 - Velocimacro : allowInlineToOverride = false : VMs defined inline may NOT replace previous VM definitions
2018-04-12 19:19:17,380 - Velocimacro : allowInlineLocal = false : VMs defined inline will be global in scope if allowed.
2018-04-12 19:19:17,383 - Velocimacro : autoload off : VM system will not automatically reload global library macros
2018-04-12 19:19:17,388 - ResourceManager : found gr/rege/ionion/templates/domain_info_req.vm with loader org.apache.velocity.runtime.resource.loader.ClasspathResourceLoader
2018-04-12 19:20:01,025 - Log4JLogChute initialized using file 'velocity.log'
2018-04-12 19:20:01,025 - Initializing Velocity, Calling init()...
2018-04-12 19:20:01,025 - Starting Apache Velocity v1.7 (compiled: 2010-11-19 12:14:37)
2018-04-12 19:20:01,025 - Default Properties File: org/apache/velocity/runtime/defaults/velocity.properties
2018-04-12 19:20:01,026 - Trying to use logger class org.apache.velocity.runtime.log.AvalonLogChute
2018-04-12 19:20:01,026 - Target log system for org.apache.velocity.runtime.log.AvalonLogChute is not available (java.lang.NoClassDefFoundError: org/apache/log/format/Formatter).  Falling back to next log system...
2018-04-12 19:20:01,026 - Trying to use logger class org.apache.velocity.runtime.log.Log4JLogChute
2018-04-12 19:20:01,026 - Using logger class org.apache.velocity.runtime.log.Log4JLogChute
2018-04-12 19:20:01,027 - ResourceLoader instantiated: org.apache.velocity.runtime.resource.loader.ClasspathResourceLoader
2018-04-12 19:20:01,037 - ResourceCache: initialized (class org.apache.velocity.runtime.resource.ResourceCacheImpl) with class java.util.Collections$SynchronizedMap cache map.
2018-04-12 19:20:01,038 - Loaded System Directive: org.apache.velocity.runtime.directive.Stop
2018-04-12 19:20:01,039 - Loaded System Directive: org.apache.velocity.runtime.directive.Define
2018-04-12 19:20:01,039 - Loaded System Directive: org.apache.velocity.runtime.directive.Break
2018-04-12 19:20:01,040 - Loaded System Directive: org.apache.velocity.runtime.directive.Evaluate
2018-04-12 19:20:01,040 - Loaded System Directive: org.apache.velocity.runtime.directive.Literal
2018-04-12 19:20:01,041 - Loaded System Directive: org.apache.velocity.runtime.directive.Macro
2018-04-12 19:20:01,042 - Loaded System Directive: org.apache.velocity.runtime.directive.Parse
2018-04-12 19:20:01,042 - Loaded System Directive: org.apache.velocity.runtime.directive.Include
2018-04-12 19:20:01,043 - Loaded System Directive: org.apache.velocity.runtime.directive.Foreach
2018-04-12 19:20:01,065 - Created '20' parsers.
2018-04-12 19:20:01,068 - Velocimacro : "velocimacro.library" is not set.  Trying default library: VM_global_library.vm
2018-04-12 19:20:01,068 - Could not load resource 'VM_global_library.vm' from ResourceLoader org.apache.velocity.runtime.resource.loader.ClasspathResourceLoader: ClasspathResourceLoader Error: cannot find resource VM_global_library.vm
2018-04-12 19:20:01,068 - Velocimacro : Default library not found.
2018-04-12 19:20:01,068 - Velocimacro : allowInline = true : VMs can be defined inline in templates
2018-04-12 19:20:01,069 - Velocimacro : allowInlineToOverride = false : VMs defined inline may NOT replace previous VM definitions
2018-04-12 19:20:01,069 - Velocimacro : allowInlineLocal = false : VMs defined inline will be global in scope if allowed.
2018-04-12 19:20:01,069 - Velocimacro : autoload off : VM system will not automatically reload global library macros
2018-04-12 19:20:01,073 - ResourceManager : found gr/rege/ionion/templates/domain_info_req.vm with loader org.apache.velocity.runtime.resource.loader.ClasspathResourceLoader
2018-04-12 19:21:04,890 - Log4JLogChute initialized using file 'velocity.log'
2018-04-12 19:21:04,890 - Initializing Velocity, Calling init()...
2018-04-12 19:21:04,890 - Starting Apache Velocity v1.7 (compiled: 2010-11-19 12:14:37)
2018-04-12 19:21:04,890 - Default Properties File: org/apache/velocity/runtime/defaults/velocity.properties
2018-04-12 19:21:04,890 - Trying to use logger class org.apache.velocity.runtime.log.AvalonLogChute
2018-04-12 19:21:04,890 - Target log system for org.apache.velocity.runtime.log.AvalonLogChute is not available (java.lang.NoClassDefFoundError: org/apache/log/format/Formatter).  Falling back to next log system...
2018-04-12 19:21:04,890 - Trying to use logger class org.apache.velocity.runtime.log.Log4JLogChute
2018-04-12 19:21:04,890 - Using logger class org.apache.velocity.runtime.log.Log4JLogChute
2018-04-12 19:21:04,892 - ResourceLoader instantiated: org.apache.velocity.runtime.resource.loader.ClasspathResourceLoader
2018-04-12 19:21:04,899 - ResourceCache: initialized (class org.apache.velocity.runtime.resource.ResourceCacheImpl) with class java.util.Collections$SynchronizedMap cache map.
2018-04-12 19:21:04,900 - Loaded System Directive: org.apache.velocity.runtime.directive.Stop
2018-04-12 19:21:04,901 - Loaded System Directive: org.apache.velocity.runtime.directive.Define
2018-04-12 19:21:04,901 - Loaded System Directive: org.apache.velocity.runtime.directive.Break
2018-04-12 19:21:04,901 - Loaded System Directive: org.apache.velocity.runtime.directive.Evaluate
2018-04-12 19:21:04,902 - Loaded System Directive: org.apache.velocity.runtime.directive.Literal
2018-04-12 19:21:04,902 - Loaded System Directive: org.apache.velocity.runtime.directive.Macro
2018-04-12 19:21:04,903 - Loaded System Directive: org.apache.velocity.runtime.directive.Parse
2018-04-12 19:21:04,904 - Loaded System Directive: org.apache.velocity.runtime.directive.Include
2018-04-12 19:21:04,905 - Loaded System Directive: org.apache.velocity.runtime.directive.Foreach
2018-04-12 19:21:04,922 - Created '20' parsers.
2018-04-12 19:21:04,925 - Velocimacro : "velocimacro.library" is not set.  Trying default library: VM_global_library.vm
2018-04-12 19:21:04,925 - Could not load resource 'VM_global_library.vm' from ResourceLoader org.apache.velocity.runtime.resource.loader.ClasspathResourceLoader: ClasspathResourceLoader Error: cannot find resource VM_global_library.vm
2018-04-12 19:21:04,925 - Velocimacro : Default library not found.
2018-04-12 19:21:04,925 - Velocimacro : allowInline = true : VMs can be defined inline in templates
2018-04-12 19:21:04,925 - Velocimacro : allowInlineToOverride = false : VMs defined inline may NOT replace previous VM definitions
2018-04-12 19:21:04,925 - Velocimacro : allowInlineLocal = false : VMs defined inline will be global in scope if allowed.
2018-04-12 19:21:04,928 - Velocimacro : autoload off : VM system will not automatically reload global library macros
2018-04-12 19:21:04,932 - ResourceManager : found gr/rege/ionion/templates/domain_info_req.vm with loader org.apache.velocity.runtime.resource.loader.ClasspathResourceLoader
2018-04-12 19:22:00,944 - Log4JLogChute initialized using file 'velocity.log'
2018-04-12 19:22:00,944 - Initializing Velocity, Calling init()...
2018-04-12 19:22:00,945 - Starting Apache Velocity v1.7 (compiled: 2010-11-19 12:14:37)
2018-04-12 19:22:00,945 - Default Properties File: org/apache/velocity/runtime/defaults/velocity.properties
2018-04-12 19:22:00,945 - Trying to use logger class org.apache.velocity.runtime.log.AvalonLogChute
2018-04-12 19:22:00,945 - Target log system for org.apache.velocity.runtime.log.AvalonLogChute is not available (java.lang.NoClassDefFoundError: org/apache/log/format/Formatter).  Falling back to next log system...
2018-04-12 19:22:00,945 - Trying to use logger class org.apache.velocity.runtime.log.Log4JLogChute
2018-04-12 19:22:00,945 - Using logger class org.apache.velocity.runtime.log.Log4JLogChute
2018-04-12 19:22:00,946 - ResourceLoader instantiated: org.apache.velocity.runtime.resource.loader.ClasspathResourceLoader
2018-04-12 19:22:00,952 - ResourceCache: initialized (class org.apache.velocity.runtime.resource.ResourceCacheImpl) with class java.util.Collections$SynchronizedMap cache map.
2018-04-12 19:22:00,955 - Loaded System Directive: org.apache.velocity.runtime.directive.Stop
2018-04-12 19:22:00,955 - Loaded System Directive: org.apache.velocity.runtime.directive.Define
2018-04-12 19:22:00,956 - Loaded System Directive: org.apache.velocity.runtime.directive.Break
2018-04-12 19:22:00,956 - Loaded System Directive: org.apache.velocity.runtime.directive.Evaluate
2018-04-12 19:22:00,956 - Loaded System Directive: org.apache.velocity.runtime.directive.Literal
2018-04-12 19:22:00,957 - Loaded System Directive: org.apache.velocity.runtime.directive.Macro
2018-04-12 19:22:00,957 - Loaded System Directive: org.apache.velocity.runtime.directive.Parse
2018-04-12 19:22:00,958 - Loaded System Directive: org.apache.velocity.runtime.directive.Include
2018-04-12 19:22:00,959 - Loaded System Directive: org.apache.velocity.runtime.directive.Foreach
2018-04-12 19:22:00,978 - Created '20' parsers.
2018-04-12 19:22:00,980 - Velocimacro : "velocimacro.library" is not set.  Trying default library: VM_global_library.vm
2018-04-12 19:22:00,980 - Could not load resource 'VM_global_library.vm' from ResourceLoader org.apache.velocity.runtime.resource.loader.ClasspathResourceLoader: ClasspathResourceLoader Error: cannot find resource VM_global_library.vm
2018-04-12 19:22:00,980 - Velocimacro : Default library not found.
2018-04-12 19:22:00,980 - Velocimacro : allowInline = true : VMs can be defined inline in templates
2018-04-12 19:22:00,981 - Velocimacro : allowInlineToOverride = false : VMs defined inline may NOT replace previous VM definitions
2018-04-12 19:22:00,981 - Velocimacro : allowInlineLocal = false : VMs defined inline will be global in scope if allowed.
2018-04-12 19:22:00,981 - Velocimacro : autoload off : VM system will not automatically reload global library macros
2018-04-12 19:22:00,985 - ResourceManager : found gr/rege/ionion/templates/domain_info_req.vm with loader org.apache.velocity.runtime.resource.loader.ClasspathResourceLoader
2018-04-12 19:22:36,026 - Log4JLogChute initialized using file 'velocity.log'
2018-04-12 19:22:36,026 - Initializing Velocity, Calling init()...
2018-04-12 19:22:36,027 - Starting Apache Velocity v1.7 (compiled: 2010-11-19 12:14:37)
2018-04-12 19:22:36,027 - Default Properties File: org/apache/velocity/runtime/defaults/velocity.properties
2018-04-12 19:22:36,027 - Trying to use logger class org.apache.velocity.runtime.log.AvalonLogChute
2018-04-12 19:22:36,027 - Target log system for org.apache.velocity.runtime.log.AvalonLogChute is not available (java.lang.NoClassDefFoundError: org/apache/log/format/Formatter).  Falling back to next log system...
2018-04-12 19:22:36,027 - Trying to use logger class org.apache.velocity.runtime.log.Log4JLogChute
2018-04-12 19:22:36,027 - Using logger class org.apache.velocity.runtime.log.Log4JLogChute
2018-04-12 19:22:36,028 - ResourceLoader instantiated: org.apache.velocity.runtime.resource.loader.ClasspathResourceLoader
2018-04-12 19:22:36,035 - ResourceCache: initialized (class org.apache.velocity.runtime.resource.ResourceCacheImpl) with class java.util.Collections$SynchronizedMap cache map.
2018-04-12 19:22:36,036 - Loaded System Directive: org.apache.velocity.runtime.directive.Stop
2018-04-12 19:22:36,036 - Loaded System Directive: org.apache.velocity.runtime.directive.Define
2018-04-12 19:22:36,036 - Loaded System Directive: org.apache.velocity.runtime.directive.Break
2018-04-12 19:22:36,038 - Loaded System Directive: org.apache.velocity.runtime.directive.Evaluate
2018-04-12 19:22:36,038 - Loaded System Directive: org.apache.velocity.runtime.directive.Literal
2018-04-12 19:22:36,039 - Loaded System Directive: org.apache.velocity.runtime.directive.Macro
2018-04-12 19:22:36,039 - Loaded System Directive: org.apache.velocity.runtime.directive.Parse
2018-04-12 19:22:36,040 - Loaded System Directive: org.apache.velocity.runtime.directive.Include
2018-04-12 19:22:36,040 - Loaded System Directive: org.apache.velocity.runtime.directive.Foreach
2018-04-12 19:22:36,057 - Created '20' parsers.
2018-04-12 19:22:36,060 - Velocimacro : "velocimacro.library" is not set.  Trying default library: VM_global_library.vm
2018-04-12 19:22:36,060 - Could not load resource 'VM_global_library.vm' from ResourceLoader org.apache.velocity.runtime.resource.loader.ClasspathResourceLoader: ClasspathResourceLoader Error: cannot find resource VM_global_library.vm
2018-04-12 19:22:36,060 - Velocimacro : Default library not found.
2018-04-12 19:22:36,060 - Velocimacro : allowInline = true : VMs can be defined inline in templates
2018-04-12 19:22:36,060 - Velocimacro : allowInlineToOverride = false : VMs defined inline may NOT replace previous VM definitions
2018-04-12 19:22:36,060 - Velocimacro : allowInlineLocal = false : VMs defined inline will be global in scope if allowed.
2018-04-12 19:22:36,062 - Velocimacro : autoload off : VM system will not automatically reload global library macros
2018-04-12 19:22:36,067 - ResourceManager : found gr/rege/ionion/templates/domain_info_req.vm with loader org.apache.velocity.runtime.resource.loader.ClasspathResourceLoader
2018-04-12 19:25:51,527 - Log4JLogChute initialized using file 'velocity.log'
2018-04-12 19:25:51,527 - Initializing Velocity, Calling init()...
2018-04-12 19:25:51,527 - Starting Apache Velocity v1.7 (compiled: 2010-11-19 12:14:37)
2018-04-12 19:25:51,527 - Default Properties File: org/apache/velocity/runtime/defaults/velocity.properties
2018-04-12 19:25:51,527 - Trying to use logger class org.apache.velocity.runtime.log.AvalonLogChute
2018-04-12 19:25:51,527 - Target log system for org.apache.velocity.runtime.log.AvalonLogChute is not available (java.lang.NoClassDefFoundError: org/apache/log/format/Formatter).  Falling back to next log system...
2018-04-12 19:25:51,527 - Trying to use logger class org.apache.velocity.runtime.log.Log4JLogChute
2018-04-12 19:25:51,527 - Using logger class org.apache.velocity.runtime.log.Log4JLogChute
2018-04-12 19:25:51,529 - ResourceLoader instantiated: org.apache.velocity.runtime.resource.loader.ClasspathResourceLoader
2018-04-12 19:25:51,535 - ResourceCache: initialized (class org.apache.velocity.runtime.resource.ResourceCacheImpl) with class java.util.Collections$SynchronizedMap cache map.
2018-04-12 19:25:51,536 - Loaded System Directive: org.apache.velocity.runtime.directive.Stop
2018-04-12 19:25:51,537 - Loaded System Directive: org.apache.velocity.runtime.directive.Define
2018-04-12 19:25:51,537 - Loaded System Directive: org.apache.velocity.runtime.directive.Break
2018-04-12 19:25:51,537 - Loaded System Directive: org.apache.velocity.runtime.directive.Evaluate
2018-04-12 19:25:51,538 - Loaded System Directive: org.apache.velocity.runtime.directive.Literal
2018-04-12 19:25:51,538 - Loaded System Directive: org.apache.velocity.runtime.directive.Macro
2018-04-12 19:25:51,539 - Loaded System Directive: org.apache.velocity.runtime.directive.Parse
2018-04-12 19:25:51,539 - Loaded System Directive: org.apache.velocity.runtime.directive.Include
2018-04-12 19:25:51,540 - Loaded System Directive: org.apache.velocity.runtime.directive.Foreach
2018-04-12 19:25:51,558 - Created '20' parsers.
2018-04-12 19:25:51,561 - Velocimacro : "velocimacro.library" is not set.  Trying default library: VM_global_library.vm
2018-04-12 19:25:51,561 - Could not load resource 'VM_global_library.vm' from ResourceLoader org.apache.velocity.runtime.resource.loader.ClasspathResourceLoader: ClasspathResourceLoader Error: cannot find resource VM_global_library.vm
2018-04-12 19:25:51,561 - Velocimacro : Default library not found.
2018-04-12 19:25:51,561 - Velocimacro : allowInline = true : VMs can be defined inline in templates
2018-04-12 19:25:51,561 - Velocimacro : allowInlineToOverride = false : VMs defined inline may NOT replace previous VM definitions
2018-04-12 19:25:51,562 - Velocimacro : allowInlineLocal = false : VMs defined inline will be global in scope if allowed.
2018-04-12 19:25:51,562 - Velocimacro : autoload off : VM system will not automatically reload global library macros
2018-04-12 19:25:51,566 - ResourceManager : found gr/rege/ionion/templates/domain_info_req.vm with loader org.apache.velocity.runtime.resource.loader.ClasspathResourceLoader
2018-04-12 19:26:37,751 - Log4JLogChute initialized using file 'velocity.log'
2018-04-12 19:26:37,751 - Initializing Velocity, Calling init()...
2018-04-12 19:26:37,751 - Starting Apache Velocity v1.7 (compiled: 2010-11-19 12:14:37)
2018-04-12 19:26:37,751 - Default Properties File: org/apache/velocity/runtime/defaults/velocity.properties
2018-04-12 19:26:37,751 - Trying to use logger class org.apache.velocity.runtime.log.AvalonLogChute
2018-04-12 19:26:37,751 - Target log system for org.apache.velocity.runtime.log.AvalonLogChute is not available (java.lang.NoClassDefFoundError: org/apache/log/format/Formatter).  Falling back to next log system...
2018-04-12 19:26:37,751 - Trying to use logger class org.apache.velocity.runtime.log.Log4JLogChute
2018-04-12 19:26:37,751 - Using logger class org.apache.velocity.runtime.log.Log4JLogChute
2018-04-12 19:26:37,753 - ResourceLoader instantiated: org.apache.velocity.runtime.resource.loader.ClasspathResourceLoader
2018-04-12 19:26:37,760 - ResourceCache: initialized (class org.apache.velocity.runtime.resource.ResourceCacheImpl) with class java.util.Collections$SynchronizedMap cache map.
2018-04-12 19:26:37,761 - Loaded System Directive: org.apache.velocity.runtime.directive.Stop
2018-04-12 19:26:37,762 - Loaded System Directive: org.apache.velocity.runtime.directive.Define
2018-04-12 19:26:37,762 - Loaded System Directive: org.apache.velocity.runtime.directive.Break
2018-04-12 19:26:37,763 - Loaded System Directive: org.apache.velocity.runtime.directive.Evaluate
2018-04-12 19:26:37,763 - Loaded System Directive: org.apache.velocity.runtime.directive.Literal
2018-04-12 19:26:37,763 - Loaded System Directive: org.apache.velocity.runtime.directive.Macro
2018-04-12 19:26:37,764 - Loaded System Directive: org.apache.velocity.runtime.directive.Parse
2018-04-12 19:26:37,765 - Loaded System Directive: org.apache.velocity.runtime.directive.Include
2018-04-12 19:26:37,765 - Loaded System Directive: org.apache.velocity.runtime.directive.Foreach
2018-04-12 19:26:37,785 - Created '20' parsers.
2018-04-12 19:26:37,788 - Velocimacro : "velocimacro.library" is not set.  Trying default library: VM_global_library.vm
2018-04-12 19:26:37,788 - Could not load resource 'VM_global_library.vm' from ResourceLoader org.apache.velocity.runtime.resource.loader.ClasspathResourceLoader: ClasspathResourceLoader Error: cannot find resource VM_global_library.vm
2018-04-12 19:26:37,788 - Velocimacro : Default library not found.
2018-04-12 19:26:37,788 - Velocimacro : allowInline = true : VMs can be defined inline in templates
2018-04-12 19:26:37,788 - Velocimacro : allowInlineToOverride = false : VMs defined inline may NOT replace previous VM definitions
2018-04-12 19:26:37,788 - Velocimacro : allowInlineLocal = false : VMs defined inline will be global in scope if allowed.
2018-04-12 19:26:37,788 - Velocimacro : autoload off : VM system will not automatically reload global library macros
2018-04-12 19:26:37,792 - ResourceManager : found gr/rege/ionion/templates/domain_info_req.vm with loader org.apache.velocity.runtime.resource.loader.ClasspathResourceLoader
2018-04-12 19:27:03,567 - Log4JLogChute initialized using file 'velocity.log'
2018-04-12 19:27:03,568 - Initializing Velocity, Calling init()...
2018-04-12 19:27:03,568 - Starting Apache Velocity v1.7 (compiled: 2010-11-19 12:14:37)
2018-04-12 19:27:03,568 - Default Properties File: org/apache/velocity/runtime/defaults/velocity.properties
2018-04-12 19:27:03,568 - Trying to use logger class org.apache.velocity.runtime.log.AvalonLogChute
2018-04-12 19:27:03,568 - Target log system for org.apache.velocity.runtime.log.AvalonLogChute is not available (java.lang.NoClassDefFoundError: org/apache/log/format/Formatter).  Falling back to next log system...
2018-04-12 19:27:03,568 - Trying to use logger class org.apache.velocity.runtime.log.Log4JLogChute
2018-04-12 19:27:03,568 - Using logger class org.apache.velocity.runtime.log.Log4JLogChute
2018-04-12 19:27:03,569 - ResourceLoader instantiated: org.apache.velocity.runtime.resource.loader.ClasspathResourceLoader
2018-04-12 19:27:03,576 - ResourceCache: initialized (class org.apache.velocity.runtime.resource.ResourceCacheImpl) with class java.util.Collections$SynchronizedMap cache map.
2018-04-12 19:27:03,577 - Loaded System Directive: org.apache.velocity.runtime.directive.Stop
2018-04-12 19:27:03,577 - Loaded System Directive: org.apache.velocity.runtime.directive.Define
2018-04-12 19:27:03,578 - Loaded System Directive: org.apache.velocity.runtime.directive.Break
2018-04-12 19:27:03,578 - Loaded System Directive: org.apache.velocity.runtime.directive.Evaluate
2018-04-12 19:27:03,578 - Loaded System Directive: org.apache.velocity.runtime.directive.Literal
2018-04-12 19:27:03,579 - Loaded System Directive: org.apache.velocity.runtime.directive.Macro
2018-04-12 19:27:03,579 - Loaded System Directive: org.apache.velocity.runtime.directive.Parse
2018-04-12 19:27:03,580 - Loaded System Directive: org.apache.velocity.runtime.directive.Include
2018-04-12 19:27:03,580 - Loaded System Directive: org.apache.velocity.runtime.directive.Foreach
2018-04-12 19:27:03,601 - Created '20' parsers.
2018-04-12 19:27:03,604 - Velocimacro : "velocimacro.library" is not set.  Trying default library: VM_global_library.vm
2018-04-12 19:27:03,605 - Could not load resource 'VM_global_library.vm' from ResourceLoader org.apache.velocity.runtime.resource.loader.ClasspathResourceLoader: ClasspathResourceLoader Error: cannot find resource VM_global_library.vm
2018-04-12 19:27:03,605 - Velocimacro : Default library not found.
2018-04-12 19:27:03,605 - Velocimacro : allowInline = true : VMs can be defined inline in templates
2018-04-12 19:27:03,605 - Velocimacro : allowInlineToOverride = false : VMs defined inline may NOT replace previous VM definitions
2018-04-12 19:27:03,605 - Velocimacro : allowInlineLocal = false : VMs defined inline will be global in scope if allowed.
2018-04-12 19:27:03,605 - Velocimacro : autoload off : VM system will not automatically reload global library macros
2018-04-12 19:27:03,609 - ResourceManager : found gr/rege/ionion/templates/domain_info_req.vm with loader org.apache.velocity.runtime.resource.loader.ClasspathResourceLoader
